<?xml version="1.0" encoding="UTF-8"?>
<!-- Generated by org.testng.reporters.JUnitXMLReporter -->
<testsuite ignored="0" hostname="DESKTOP-ETGMEJR" failures="0" tests="3" name="Default test" time="12.799" errors="0" timestamp="28 May 2019 08:51:10 GMT">
  <testcase classname="org.sel.ParellelMethods" name="test1" time="3.603"/>
  <testcase classname="org.sel.ParellelMethods" name="test2" time="1.234"/>
  <testcase classname="org.sel.ParellelMethods" name="test3" time="1.522"/>
</testsuite> <!-- Default test -->
