<?xml version="1.0" encoding="UTF-8"?>
<!-- Generated by org.testng.reporters.JUnitXMLReporter -->
<testsuite ignored="0" hostname="DESKTOP-ETGMEJR" failures="0" tests="3" name="Test" time="8.913" errors="0" timestamp="28 May 2019 08:53:05 GMT">
  <testcase classname="org.sel.ParellelMethods" name="test3" time="0.599"/>
  <testcase classname="org.sel.ParellelMethods" name="test2" time="0.977"/>
  <testcase classname="org.sel.ParellelMethods" name="test1" time="3.76"/>
</testsuite> <!-- Test -->
