<?xml version="1.0" encoding="UTF-8"?>
<testng-results ignored="0" total="3" passed="3" failed="0" skipped="0">
  <reporter-output>
  </reporter-output>
  <suite started-at="2019-05-28T08:52:56Z" name="Suite" finished-at="2019-05-28T08:53:05Z" duration-ms="8913">
    <groups>
    </groups>
    <test started-at="2019-05-28T08:52:56Z" name="Test" finished-at="2019-05-28T08:53:05Z" duration-ms="8913">
      <class name="org.sel.ParellelMethods">
        <test-method is-config="true" signature="launchBrowser()[pri:0, instance:org.sel.ParellelMethods@49e5f737]" started-at="2019-05-28T08:52:56Z" name="launchBrowser" finished-at="2019-05-28T08:53:01Z" duration-ms="4476" status="PASS">
          <reporter-output>
          </reporter-output>
        </test-method> <!-- launchBrowser -->
        <test-method is-config="true" signature="startMethod()[pri:0, instance:org.sel.ParellelMethods@49e5f737]" started-at="2019-05-28T08:53:01Z" name="startMethod" finished-at="2019-05-28T08:53:01Z" duration-ms="10" status="PASS">
          <reporter-output>
          </reporter-output>
        </test-method> <!-- startMethod -->
        <test-method is-config="true" signature="startMethod()[pri:0, instance:org.sel.ParellelMethods@49e5f737]" started-at="2019-05-28T08:53:01Z" name="startMethod" finished-at="2019-05-28T08:53:01Z" duration-ms="12" status="PASS">
          <reporter-output>
          </reporter-output>
        </test-method> <!-- startMethod -->
        <test-method is-config="true" signature="startMethod()[pri:0, instance:org.sel.ParellelMethods@49e5f737]" started-at="2019-05-28T08:53:01Z" name="startMethod" finished-at="2019-05-28T08:53:01Z" duration-ms="12" status="PASS">
          <reporter-output>
          </reporter-output>
        </test-method> <!-- startMethod -->
        <test-method signature="test2()[pri:0, instance:org.sel.ParellelMethods@49e5f737]" started-at="2019-05-28T08:53:01Z" name="test2" finished-at="2019-05-28T08:53:02Z" duration-ms="977" status="PASS">
          <reporter-output>
          </reporter-output>
        </test-method> <!-- test2 -->
        <test-method signature="test3()[pri:0, instance:org.sel.ParellelMethods@49e5f737]" started-at="2019-05-28T08:53:01Z" name="test3" finished-at="2019-05-28T08:53:01Z" duration-ms="599" status="PASS">
          <reporter-output>
          </reporter-output>
        </test-method> <!-- test3 -->
        <test-method signature="test1()[pri:0, instance:org.sel.ParellelMethods@49e5f737]" started-at="2019-05-28T08:53:01Z" name="test1" finished-at="2019-05-28T08:53:04Z" duration-ms="3760" status="PASS">
          <reporter-output>
          </reporter-output>
        </test-method> <!-- test1 -->
        <test-method is-config="true" signature="endTime()[pri:0, instance:org.sel.ParellelMethods@49e5f737]" started-at="2019-05-28T08:53:01Z" name="endTime" finished-at="2019-05-28T08:53:01Z" duration-ms="0" status="PASS">
          <reporter-output>
          </reporter-output>
        </test-method> <!-- endTime -->
        <test-method is-config="true" signature="endTime()[pri:0, instance:org.sel.ParellelMethods@49e5f737]" started-at="2019-05-28T08:53:02Z" name="endTime" finished-at="2019-05-28T08:53:02Z" duration-ms="0" status="PASS">
          <reporter-output>
          </reporter-output>
        </test-method> <!-- endTime -->
        <test-method is-config="true" signature="endTime()[pri:0, instance:org.sel.ParellelMethods@49e5f737]" started-at="2019-05-28T08:53:04Z" name="endTime" finished-at="2019-05-28T08:53:04Z" duration-ms="1" status="PASS">
          <reporter-output>
          </reporter-output>
        </test-method> <!-- endTime -->
        <test-method is-config="true" signature="closeBrowser()[pri:0, instance:org.sel.ParellelMethods@49e5f737]" started-at="2019-05-28T08:53:04Z" name="closeBrowser" finished-at="2019-05-28T08:53:05Z" duration-ms="634" status="PASS">
          <reporter-output>
          </reporter-output>
        </test-method> <!-- closeBrowser -->
      </class> <!-- org.sel.ParellelMethods -->
    </test> <!-- Test -->
  </suite> <!-- Suite -->
</testng-results>
